2021-11-29 11:05:56,911 - Mock Version: 2.14
2021-11-29 11:05:59,405 - Start: yum update
2021-11-29 11:06:05,901 - Finish: yum update
2021-11-29 11:06:05,909 - Finish: chroot init
2021-11-29 11:06:05,915 - Start: buildsrpm
2021-11-29 11:06:05,920 - Start: rpmbuild -bs
2021-11-29 11:06:06,249 - Finish: rpmbuild -bs
2021-11-29 11:06:06,251 - Finish: buildsrpm
2021-11-29 11:06:06,254 - Start: clean chroot
2021-11-29 11:06:09,702 - Finish: clean chroot
2021-11-29 11:06:09,703 - Finish: run
2021-11-29 11:06:13,729 - Mock Version: 2.14
2021-11-29 11:06:16,263 - Start: yum update
2021-11-29 11:06:19,936 - Finish: yum update
2021-11-29 11:06:19,943 - Finish: chroot init
2021-11-29 11:06:19,946 - Start: build phase for redborder-social-0.0.1-1.el7.rb.src.rpm
2021-11-29 11:06:19,947 - Start: build setup for redborder-social-0.0.1-1.el7.rb.src.rpm
2021-11-29 11:06:40,008 - Finish: build setup for redborder-social-0.0.1-1.el7.rb.src.rpm
2021-11-29 11:06:40,009 - Start: Outputting list of installed packages
2021-11-29 11:06:40,327 - Finish: Outputting list of installed packages
2021-11-29 11:06:40,327 - Start: rpmbuild redborder-social-0.0.1-1.el7.rb.src.rpm
2021-11-29 11:09:02,854 - Finish: rpmbuild redborder-social-0.0.1-1.el7.rb.src.rpm
2021-11-29 11:09:02,891 - Finish: build phase for redborder-social-0.0.1-1.el7.rb.src.rpm
2021-11-29 11:09:02,896 - Start: clean chroot
2021-11-29 11:09:08,216 - Finish: clean chroot
2021-11-29 11:09:08,217 - Finish: run
2021-11-29 15:38:56,627 - Mock Version: 2.14
2021-11-29 15:38:59,278 - Start: yum update
2021-11-29 15:39:02,919 - Finish: yum update
2021-11-29 15:39:02,926 - Finish: chroot init
2021-11-29 15:39:02,932 - Start: buildsrpm
2021-11-29 15:39:02,937 - Start: rpmbuild -bs
2021-11-29 15:39:03,243 - Finish: rpmbuild -bs
2021-11-29 15:39:03,246 - Finish: buildsrpm
2021-11-29 15:39:03,248 - Start: clean chroot
2021-11-29 15:39:06,691 - Finish: clean chroot
2021-11-29 15:39:06,692 - Finish: run
2021-11-29 15:39:10,738 - Mock Version: 2.14
2021-11-29 15:39:13,067 - Start: yum update
2021-11-29 15:39:16,808 - Finish: yum update
2021-11-29 15:39:16,815 - Finish: chroot init
2021-11-29 15:39:16,818 - Start: build phase for redborder-social-0.0.1-1.el7.rb.src.rpm
2021-11-29 15:39:16,820 - Start: build setup for redborder-social-0.0.1-1.el7.rb.src.rpm
2021-11-29 15:39:36,613 - Finish: build setup for redborder-social-0.0.1-1.el7.rb.src.rpm
2021-11-29 15:39:36,614 - Start: Outputting list of installed packages
2021-11-29 15:39:36,936 - Finish: Outputting list of installed packages
2021-11-29 15:39:36,936 - Start: rpmbuild redborder-social-0.0.1-1.el7.rb.src.rpm
2021-11-29 15:42:00,397 - Finish: rpmbuild redborder-social-0.0.1-1.el7.rb.src.rpm
2021-11-29 15:42:00,433 - Finish: build phase for redborder-social-0.0.1-1.el7.rb.src.rpm
2021-11-29 15:42:00,440 - Start: clean chroot
2021-11-29 15:42:05,824 - Finish: clean chroot
2021-11-29 15:42:05,825 - Finish: run
2021-11-29 15:57:02,198 - Mock Version: 2.14
2021-11-29 15:57:04,389 - Start: yum update
2021-11-29 15:57:08,410 - Finish: yum update
2021-11-29 15:57:08,418 - Finish: chroot init
2021-11-29 15:57:08,423 - Start: buildsrpm
2021-11-29 15:57:08,450 - Start: rpmbuild -bs
2021-11-29 15:57:10,335 - Finish: rpmbuild -bs
2021-11-29 15:57:10,368 - Finish: buildsrpm
2021-11-29 15:57:10,372 - Start: clean chroot
2021-11-29 15:57:13,843 - Finish: clean chroot
2021-11-29 15:57:13,844 - Finish: run
2021-11-29 15:57:17,887 - Mock Version: 2.14
2021-11-29 15:57:20,406 - Start: yum update
2021-11-29 15:57:23,937 - Finish: yum update
2021-11-29 15:57:23,945 - Finish: chroot init
2021-11-29 15:57:23,947 - Start: build phase for redborder-social-0.0.1-1.el7.rb.src.rpm
2021-11-29 15:57:23,949 - Start: build setup for redborder-social-0.0.1-1.el7.rb.src.rpm
2021-11-29 15:57:45,765 - Finish: build setup for redborder-social-0.0.1-1.el7.rb.src.rpm
2021-11-29 15:57:45,766 - Start: Outputting list of installed packages
2021-11-29 15:57:46,088 - Finish: Outputting list of installed packages
2021-11-29 15:57:46,088 - Start: rpmbuild redborder-social-0.0.1-1.el7.rb.src.rpm
2021-11-29 16:00:10,006 - Finish: rpmbuild redborder-social-0.0.1-1.el7.rb.src.rpm
2021-11-29 16:00:10,087 - Finish: build phase for redborder-social-0.0.1-1.el7.rb.src.rpm
2021-11-29 16:00:10,091 - Start: clean chroot
2021-11-29 16:00:15,352 - Finish: clean chroot
2021-11-29 16:00:15,353 - Finish: run
2021-11-29 16:19:57,515 - Mock Version: 2.14
2021-11-29 16:19:59,674 - Start: yum update
2021-11-29 16:20:02,877 - Finish: yum update
2021-11-29 16:20:02,884 - Finish: chroot init
2021-11-29 16:20:02,889 - Start: buildsrpm
2021-11-29 16:20:02,921 - Start: rpmbuild -bs
2021-11-29 16:20:04,820 - Finish: rpmbuild -bs
2021-11-29 16:20:04,851 - Finish: buildsrpm
2021-11-29 16:20:04,855 - Start: clean chroot
2021-11-29 16:20:08,391 - Finish: clean chroot
2021-11-29 16:20:08,392 - Finish: run
2021-11-29 16:20:12,450 - Mock Version: 2.14
2021-11-29 16:20:14,838 - Start: yum update
2021-11-29 16:20:18,704 - Finish: yum update
2021-11-29 16:20:18,712 - Finish: chroot init
2021-11-29 16:20:18,715 - Start: build phase for redborder-social-0.0.1-1.el7.rb.src.rpm
2021-11-29 16:20:18,716 - Start: build setup for redborder-social-0.0.1-1.el7.rb.src.rpm
2021-11-29 16:20:40,149 - Finish: build setup for redborder-social-0.0.1-1.el7.rb.src.rpm
2021-11-29 16:20:40,149 - Start: Outputting list of installed packages
2021-11-29 16:20:40,469 - Finish: Outputting list of installed packages
2021-11-29 16:20:40,469 - Start: rpmbuild redborder-social-0.0.1-1.el7.rb.src.rpm
2021-11-29 16:23:06,465 - Finish: rpmbuild redborder-social-0.0.1-1.el7.rb.src.rpm
2021-11-29 16:23:06,540 - Finish: build phase for redborder-social-0.0.1-1.el7.rb.src.rpm
2021-11-29 16:23:06,545 - Start: clean chroot
2021-11-29 16:23:11,839 - Finish: clean chroot
2021-11-29 16:23:11,841 - Finish: run
2021-11-30 09:12:41,424 - Mock Version: 2.14
2021-11-30 09:12:43,674 - Start: yum update
2021-11-30 09:12:50,398 - Finish: yum update
2021-11-30 09:12:50,409 - Finish: chroot init
2021-11-30 09:12:50,416 - Start: buildsrpm
2021-11-30 09:12:50,495 - Start: rpmbuild -bs
2021-11-30 09:12:55,409 - Finish: rpmbuild -bs
2021-11-30 09:12:55,505 - Finish: buildsrpm
2021-11-30 09:12:55,508 - Start: clean chroot
2021-11-30 09:12:59,043 - Finish: clean chroot
2021-11-30 09:12:59,045 - Finish: run
2021-11-30 09:13:03,100 - Mock Version: 2.14
2021-11-30 09:13:06,063 - Start: yum update
2021-11-30 09:13:09,976 - Finish: yum update
2021-11-30 09:13:09,983 - Finish: chroot init
2021-11-30 09:13:09,986 - Start: build phase for redborder-social-0.0.1-1.el7.rb.src.rpm
2021-11-30 09:13:09,987 - Start: build setup for redborder-social-0.0.1-1.el7.rb.src.rpm
2021-11-30 09:13:37,083 - Finish: build setup for redborder-social-0.0.1-1.el7.rb.src.rpm
2021-11-30 09:13:37,083 - Start: Outputting list of installed packages
2021-11-30 09:13:37,404 - Finish: Outputting list of installed packages
2021-11-30 09:13:37,404 - Start: rpmbuild redborder-social-0.0.1-1.el7.rb.src.rpm
2021-11-30 09:16:01,366 - Finish: rpmbuild redborder-social-0.0.1-1.el7.rb.src.rpm
2021-11-30 09:16:01,794 - Finish: build phase for redborder-social-0.0.1-1.el7.rb.src.rpm
2021-11-30 09:16:01,801 - Start: clean chroot
2021-11-30 09:16:07,139 - Finish: clean chroot
2021-11-30 09:16:07,140 - Finish: run
2021-11-30 09:46:10,789 - Mock Version: 2.14
2021-11-30 09:46:12,995 - Start: yum update
2021-11-30 09:46:17,659 - Finish: yum update
2021-11-30 09:46:17,673 - Finish: chroot init
2021-11-30 09:46:17,681 - Start: buildsrpm
2021-11-30 09:46:17,762 - Start: rpmbuild -bs
2021-11-30 09:46:22,679 - Finish: rpmbuild -bs
2021-11-30 09:46:22,772 - Finish: buildsrpm
2021-11-30 09:46:22,774 - Start: clean chroot
2021-11-30 09:46:26,224 - Finish: clean chroot
2021-11-30 09:46:26,225 - Finish: run
2021-11-30 09:46:30,259 - Mock Version: 2.14
2021-11-30 09:46:32,655 - Start: yum update
2021-11-30 09:46:36,134 - Finish: yum update
2021-11-30 09:46:36,153 - Finish: chroot init
2021-11-30 09:46:36,159 - Start: build phase for redborder-social-0.0.1-1.el7.rb.src.rpm
2021-11-30 09:46:36,161 - Start: build setup for redborder-social-0.0.1-1.el7.rb.src.rpm
2021-11-30 09:47:03,514 - Finish: build setup for redborder-social-0.0.1-1.el7.rb.src.rpm
2021-11-30 09:47:03,515 - Start: Outputting list of installed packages
2021-11-30 09:47:03,842 - Finish: Outputting list of installed packages
2021-11-30 09:47:03,842 - Start: rpmbuild redborder-social-0.0.1-1.el7.rb.src.rpm
2021-11-30 09:49:35,134 - Finish: rpmbuild redborder-social-0.0.1-1.el7.rb.src.rpm
2021-11-30 09:49:35,530 - Finish: build phase for redborder-social-0.0.1-1.el7.rb.src.rpm
2021-11-30 09:49:35,536 - Start: clean chroot
2021-11-30 09:49:40,936 - Finish: clean chroot
2021-11-30 09:49:40,937 - Finish: run
2021-12-01 09:50:33,226 - Mock Version: 2.14
2021-12-01 09:50:36,837 - Start: yum update
2021-12-01 09:50:42,867 - Finish: yum update
2021-12-01 09:50:42,876 - Finish: chroot init
2021-12-01 09:50:42,881 - Start: buildsrpm
2021-12-01 09:50:42,959 - Start: rpmbuild -bs
2021-12-01 09:50:47,893 - Finish: rpmbuild -bs
2021-12-01 09:50:47,980 - Finish: buildsrpm
2021-12-01 09:50:47,982 - Start: clean chroot
2021-12-01 09:50:51,463 - Finish: clean chroot
2021-12-01 09:50:51,464 - Finish: run
2021-12-01 09:50:55,480 - Mock Version: 2.14
2021-12-01 09:50:57,993 - Start: yum update
2021-12-01 09:51:02,621 - Finish: yum update
2021-12-01 09:51:02,629 - Finish: chroot init
2021-12-01 09:51:02,632 - Start: build phase for redborder-social-0.0.1-1.el7.rb.src.rpm
2021-12-01 09:51:02,633 - Start: build setup for redborder-social-0.0.1-1.el7.rb.src.rpm
2021-12-01 09:51:28,150 - Finish: build setup for redborder-social-0.0.1-1.el7.rb.src.rpm
2021-12-01 09:51:28,150 - Start: Outputting list of installed packages
2021-12-01 09:51:28,474 - Finish: Outputting list of installed packages
2021-12-01 09:51:28,474 - Start: rpmbuild redborder-social-0.0.1-1.el7.rb.src.rpm
2021-12-01 09:54:00,272 - Finish: rpmbuild redborder-social-0.0.1-1.el7.rb.src.rpm
2021-12-01 09:54:00,636 - Finish: build phase for redborder-social-0.0.1-1.el7.rb.src.rpm
2021-12-01 09:54:00,647 - Start: clean chroot
2021-12-01 09:54:06,137 - Finish: clean chroot
2021-12-01 09:54:06,138 - Finish: run
